Copyright 1986-2017 Xilinx, Inc. All Rights Reserved.
---------------------------------------------------------------------------------------------------------------------------------
| Tool Version : Vivado v.2017.4 (win64) Build 2086221 Fri Dec 15 20:55:39 MST 2017
| Date         : Sat Apr  8 22:50:20 2023
| Host         : Xiang-Lab running 64-bit major release  (build 9200)
| Command      : report_drc -file ZYNQ_implement_drc_opted.rpt -pb ZYNQ_implement_drc_opted.pb -rpx ZYNQ_implement_drc_opted.rpx
| Design       : ZYNQ_implement
| Device       : xc7z010clg400-1
| Speed File   : -1
| Design State : Synthesized
---------------------------------------------------------------------------------------------------------------------------------

Report DRC

Table of Contents
-----------------
1. REPORT SUMMARY
2. REPORT DETAILS

1. REPORT SUMMARY
-----------------
            Netlist: netlist
          Floorplan: design_1
      Design limits: <entire design considered>
           Ruledeck: default
             Max violations: <unlimited>
             Violations found: 53
+--------+----------+------------------------+------------+
| Rule   | Severity | Description            | Violations |
+--------+----------+------------------------+------------+
| DPIP-1 | Warning  | Input pipelining       | 16         |
| DPOP-1 | Warning  | PREG Output pipelining | 18         |
| DPOP-2 | Warning  | MREG Output pipelining | 18         |
| ZPS7-1 | Warning  | PS7 block required     | 1          |
+--------+----------+------------------------+------------+

2. REPORT DETAILS
-----------------
DPIP-1#1 Warning
Input pipelining  
DSP top_layer_inst/Convo_MaxpoolingLayer_inst/Convo_SingleNode_inst/single_convo_compute_inst/genblk1[0].mult_inst/exponent1 input top_layer_inst/Convo_MaxpoolingLayer_inst/Convo_SingleNode_inst/single_convo_compute_inst/genblk1[0].mult_inst/exponent1/A[29:0] is not pipelined. Pipelining DSP48 input will improve performance.
Related violations: <none>

DPIP-1#2 Warning
Input pipelining  
DSP top_layer_inst/Fc_Relu_node10/single_node_compute_inst/fc_mult_inst/exponent1 input top_layer_inst/Fc_Relu_node10/single_node_compute_inst/fc_mult_inst/exponent1/A[29:0] is not pipelined. Pipelining DSP48 input will improve performance.
Related violations: <none>

DPIP-1#3 Warning
Input pipelining  
DSP top_layer_inst/Fc_Relu_node10/single_node_compute_inst/fc_mult_inst/exponent1 input top_layer_inst/Fc_Relu_node10/single_node_compute_inst/fc_mult_inst/exponent1/B[17:0] is not pipelined. Pipelining DSP48 input will improve performance.
Related violations: <none>

DPIP-1#4 Warning
Input pipelining  
DSP top_layer_inst/Fc_Relu_node49/single_node_compute_inst/fc_mult_inst/exponent1 input top_layer_inst/Fc_Relu_node49/single_node_compute_inst/fc_mult_inst/exponent1/A[29:0] is not pipelined. Pipelining DSP48 input will improve performance.
Related violations: <none>

DPIP-1#5 Warning
Input pipelining  
DSP top_layer_inst/Fc_Relu_node49/single_node_compute_inst/fc_mult_inst/exponent1 input top_layer_inst/Fc_Relu_node49/single_node_compute_inst/fc_mult_inst/exponent1/B[17:0] is not pipelined. Pipelining DSP48 input will improve performance.
Related violations: <none>

DPIP-1#6 Warning
Input pipelining  
DSP top_layer_inst/softmax_inst/exponent_and_sum_exp_inst/exponent_compute_inst/FP16_mult_L0/exponent1 input top_layer_inst/softmax_inst/exponent_and_sum_exp_inst/exponent_compute_inst/FP16_mult_L0/exponent1/A[29:0] is not pipelined. Pipelining DSP48 input will improve performance.
Related violations: <none>

DPIP-1#7 Warning
Input pipelining  
DSP top_layer_inst/softmax_inst/exponent_and_sum_exp_inst/exponent_compute_inst/FP16_mult_L0/exponent1 input top_layer_inst/softmax_inst/exponent_and_sum_exp_inst/exponent_compute_inst/FP16_mult_L0/exponent1/B[17:0] is not pipelined. Pipelining DSP48 input will improve performance.
Related violations: <none>

DPIP-1#8 Warning
Input pipelining  
DSP top_layer_inst/softmax_inst/exponent_and_sum_exp_inst/exponent_compute_inst/FP16_mult_L1/exponent1 input top_layer_inst/softmax_inst/exponent_and_sum_exp_inst/exponent_compute_inst/FP16_mult_L1/exponent1/A[29:0] is not pipelined. Pipelining DSP48 input will improve performance.
Related violations: <none>

DPIP-1#9 Warning
Input pipelining  
DSP top_layer_inst/softmax_inst/exponent_and_sum_exp_inst/exponent_compute_inst/FP16_mult_L1/exponent1 input top_layer_inst/softmax_inst/exponent_and_sum_exp_inst/exponent_compute_inst/FP16_mult_L1/exponent1/B[17:0] is not pipelined. Pipelining DSP48 input will improve performance.
Related violations: <none>

DPIP-1#10 Warning
Input pipelining  
DSP top_layer_inst/softmax_inst/softmax_func_inst/FP16_mult_inst/exponent1 input top_layer_inst/softmax_inst/softmax_func_inst/FP16_mult_inst/exponent1/A[29:0] is not pipelined. Pipelining DSP48 input will improve performance.
Related violations: <none>

DPIP-1#11 Warning
Input pipelining  
DSP top_layer_inst/softmax_inst/softmax_func_inst/FP16_mult_inst/exponent1 input top_layer_inst/softmax_inst/softmax_func_inst/FP16_mult_inst/exponent1/B[17:0] is not pipelined. Pipelining DSP48 input will improve performance.
Related violations: <none>

DPIP-1#12 Warning
Input pipelining  
DSP top_layer_inst/softmax_inst/softmax_func_inst/FP16_reciprocal_inst/F_mult0/exponent1 input top_layer_inst/softmax_inst/softmax_func_inst/FP16_reciprocal_inst/F_mult0/exponent1/B[17:0] is not pipelined. Pipelining DSP48 input will improve performance.
Related violations: <none>

DPIP-1#13 Warning
Input pipelining  
DSP top_layer_inst/softmax_inst/softmax_func_inst/FP16_reciprocal_inst/F_mult1/exponent1 input top_layer_inst/softmax_inst/softmax_func_inst/FP16_reciprocal_inst/F_mult1/exponent1/A[29:0] is not pipelined. Pipelining DSP48 input will improve performance.
Related violations: <none>

DPIP-1#14 Warning
Input pipelining  
DSP top_layer_inst/softmax_inst/softmax_func_inst/FP16_reciprocal_inst/F_mult1/exponent1 input top_layer_inst/softmax_inst/softmax_func_inst/FP16_reciprocal_inst/F_mult1/exponent1/B[17:0] is not pipelined. Pipelining DSP48 input will improve performance.
Related violations: <none>

DPIP-1#15 Warning
Input pipelining  
DSP top_layer_inst/softmax_inst/softmax_func_inst/FP16_reciprocal_inst/F_mult2/exponent1 input top_layer_inst/softmax_inst/softmax_func_inst/FP16_reciprocal_inst/F_mult2/exponent1/A[29:0] is not pipelined. Pipelining DSP48 input will improve performance.
Related violations: <none>

DPIP-1#16 Warning
Input pipelining  
DSP top_layer_inst/softmax_inst/softmax_func_inst/FP16_reciprocal_inst/F_mult2/exponent1 input top_layer_inst/softmax_inst/softmax_func_inst/FP16_reciprocal_inst/F_mult2/exponent1/B[17:0] is not pipelined. Pipelining DSP48 input will improve performance.
Related violations: <none>

DPOP-1#1 Warning
PREG Output pipelining  
DSP top_layer_inst/Convo_MaxpoolingLayer_inst/Convo_SingleNode_inst/single_convo_compute_inst/genblk1[0].mult_inst/exponent1 output top_layer_inst/Convo_MaxpoolingLayer_inst/Convo_SingleNode_inst/single_convo_compute_inst/genblk1[0].mult_inst/exponent1/PATTERNDETECT is not pipelined (PREG=0). Pipelining the DSP48 output will improve performance and often saves power so it is suggested whenever possible to fully pipeline this function.  If this DSP48 function was inferred, it is suggested to describe an additional register stage after this function.  If the DSP48 was instantiated in the design, it is suggested to set the PREG attribute to 1.
Related violations: <none>

DPOP-1#2 Warning
PREG Output pipelining  
DSP top_layer_inst/Convo_MaxpoolingLayer_inst/Convo_SingleNode_inst/single_convo_compute_inst/genblk1[0].mult_inst/exponent1 output top_layer_inst/Convo_MaxpoolingLayer_inst/Convo_SingleNode_inst/single_convo_compute_inst/genblk1[0].mult_inst/exponent1/P[47:0] is not pipelined (PREG=0). Pipelining the DSP48 output will improve performance and often saves power so it is suggested whenever possible to fully pipeline this function.  If this DSP48 function was inferred, it is suggested to describe an additional register stage after this function.  If the DSP48 was instantiated in the design, it is suggested to set the PREG attribute to 1.
Related violations: <none>

DPOP-1#3 Warning
PREG Output pipelining  
DSP top_layer_inst/Fc_Relu_node10/single_node_compute_inst/fc_mult_inst/exponent1 output top_layer_inst/Fc_Relu_node10/single_node_compute_inst/fc_mult_inst/exponent1/PATTERNDETECT is not pipelined (PREG=0). Pipelining the DSP48 output will improve performance and often saves power so it is suggested whenever possible to fully pipeline this function.  If this DSP48 function was inferred, it is suggested to describe an additional register stage after this function.  If the DSP48 was instantiated in the design, it is suggested to set the PREG attribute to 1.
Related violations: <none>

DPOP-1#4 Warning
PREG Output pipelining  
DSP top_layer_inst/Fc_Relu_node10/single_node_compute_inst/fc_mult_inst/exponent1 output top_layer_inst/Fc_Relu_node10/single_node_compute_inst/fc_mult_inst/exponent1/P[47:0] is not pipelined (PREG=0). Pipelining the DSP48 output will improve performance and often saves power so it is suggested whenever possible to fully pipeline this function.  If this DSP48 function was inferred, it is suggested to describe an additional register stage after this function.  If the DSP48 was instantiated in the design, it is suggested to set the PREG attribute to 1.
Related violations: <none>

DPOP-1#5 Warning
PREG Output pipelining  
DSP top_layer_inst/Fc_Relu_node49/single_node_compute_inst/fc_mult_inst/exponent1 output top_layer_inst/Fc_Relu_node49/single_node_compute_inst/fc_mult_inst/exponent1/PATTERNDETECT is not pipelined (PREG=0). Pipelining the DSP48 output will improve performance and often saves power so it is suggested whenever possible to fully pipeline this function.  If this DSP48 function was inferred, it is suggested to describe an additional register stage after this function.  If the DSP48 was instantiated in the design, it is suggested to set the PREG attribute to 1.
Related violations: <none>

DPOP-1#6 Warning
PREG Output pipelining  
DSP top_layer_inst/Fc_Relu_node49/single_node_compute_inst/fc_mult_inst/exponent1 output top_layer_inst/Fc_Relu_node49/single_node_compute_inst/fc_mult_inst/exponent1/P[47:0] is not pipelined (PREG=0). Pipelining the DSP48 output will improve performance and often saves power so it is suggested whenever possible to fully pipeline this function.  If this DSP48 function was inferred, it is suggested to describe an additional register stage after this function.  If the DSP48 was instantiated in the design, it is suggested to set the PREG attribute to 1.
Related violations: <none>

DPOP-1#7 Warning
PREG Output pipelining  
DSP top_layer_inst/softmax_inst/exponent_and_sum_exp_inst/exponent_compute_inst/FP16_mult_L0/exponent1 output top_layer_inst/softmax_inst/exponent_and_sum_exp_inst/exponent_compute_inst/FP16_mult_L0/exponent1/PATTERNDETECT is not pipelined (PREG=0). Pipelining the DSP48 output will improve performance and often saves power so it is suggested whenever possible to fully pipeline this function.  If this DSP48 function was inferred, it is suggested to describe an additional register stage after this function.  If the DSP48 was instantiated in the design, it is suggested to set the PREG attribute to 1.
Related violations: <none>

DPOP-1#8 Warning
PREG Output pipelining  
DSP top_layer_inst/softmax_inst/exponent_and_sum_exp_inst/exponent_compute_inst/FP16_mult_L0/exponent1 output top_layer_inst/softmax_inst/exponent_and_sum_exp_inst/exponent_compute_inst/FP16_mult_L0/exponent1/P[47:0] is not pipelined (PREG=0). Pipelining the DSP48 output will improve performance and often saves power so it is suggested whenever possible to fully pipeline this function.  If this DSP48 function was inferred, it is suggested to describe an additional register stage after this function.  If the DSP48 was instantiated in the design, it is suggested to set the PREG attribute to 1.
Related violations: <none>

DPOP-1#9 Warning
PREG Output pipelining  
DSP top_layer_inst/softmax_inst/exponent_and_sum_exp_inst/exponent_compute_inst/FP16_mult_L1/exponent1 output top_layer_inst/softmax_inst/exponent_and_sum_exp_inst/exponent_compute_inst/FP16_mult_L1/exponent1/PATTERNDETECT is not pipelined (PREG=0). Pipelining the DSP48 output will improve performance and often saves power so it is suggested whenever possible to fully pipeline this function.  If this DSP48 function was inferred, it is suggested to describe an additional register stage after this function.  If the DSP48 was instantiated in the design, it is suggested to set the PREG attribute to 1.
Related violations: <none>

DPOP-1#10 Warning
PREG Output pipelining  
DSP top_layer_inst/softmax_inst/exponent_and_sum_exp_inst/exponent_compute_inst/FP16_mult_L1/exponent1 output top_layer_inst/softmax_inst/exponent_and_sum_exp_inst/exponent_compute_inst/FP16_mult_L1/exponent1/P[47:0] is not pipelined (PREG=0). Pipelining the DSP48 output will improve performance and often saves power so it is suggested whenever possible to fully pipeline this function.  If this DSP48 function was inferred, it is suggested to describe an additional register stage after this function.  If the DSP48 was instantiated in the design, it is suggested to set the PREG attribute to 1.
Related violations: <none>

DPOP-1#11 Warning
PREG Output pipelining  
DSP top_layer_inst/softmax_inst/softmax_func_inst/FP16_mult_inst/exponent1 output top_layer_inst/softmax_inst/softmax_func_inst/FP16_mult_inst/exponent1/PATTERNDETECT is not pipelined (PREG=0). Pipelining the DSP48 output will improve performance and often saves power so it is suggested whenever possible to fully pipeline this function.  If this DSP48 function was inferred, it is suggested to describe an additional register stage after this function.  If the DSP48 was instantiated in the design, it is suggested to set the PREG attribute to 1.
Related violations: <none>

DPOP-1#12 Warning
PREG Output pipelining  
DSP top_layer_inst/softmax_inst/softmax_func_inst/FP16_mult_inst/exponent1 output top_layer_inst/softmax_inst/softmax_func_inst/FP16_mult_inst/exponent1/P[47:0] is not pipelined (PREG=0). Pipelining the DSP48 output will improve performance and often saves power so it is suggested whenever possible to fully pipeline this function.  If this DSP48 function was inferred, it is suggested to describe an additional register stage after this function.  If the DSP48 was instantiated in the design, it is suggested to set the PREG attribute to 1.
Related violations: <none>

DPOP-1#13 Warning
PREG Output pipelining  
DSP top_layer_inst/softmax_inst/softmax_func_inst/FP16_reciprocal_inst/F_mult0/exponent1 output top_layer_inst/softmax_inst/softmax_func_inst/FP16_reciprocal_inst/F_mult0/exponent1/PATTERNDETECT is not pipelined (PREG=0). Pipelining the DSP48 output will improve performance and often saves power so it is suggested whenever possible to fully pipeline this function.  If this DSP48 function was inferred, it is suggested to describe an additional register stage after this function.  If the DSP48 was instantiated in the design, it is suggested to set the PREG attribute to 1.
Related violations: <none>

DPOP-1#14 Warning
PREG Output pipelining  
DSP top_layer_inst/softmax_inst/softmax_func_inst/FP16_reciprocal_inst/F_mult0/exponent1 output top_layer_inst/softmax_inst/softmax_func_inst/FP16_reciprocal_inst/F_mult0/exponent1/P[47:0] is not pipelined (PREG=0). Pipelining the DSP48 output will improve performance and often saves power so it is suggested whenever possible to fully pipeline this function.  If this DSP48 function was inferred, it is suggested to describe an additional register stage after this function.  If the DSP48 was instantiated in the design, it is suggested to set the PREG attribute to 1.
Related violations: <none>

DPOP-1#15 Warning
PREG Output pipelining  
DSP top_layer_inst/softmax_inst/softmax_func_inst/FP16_reciprocal_inst/F_mult1/exponent1 output top_layer_inst/softmax_inst/softmax_func_inst/FP16_reciprocal_inst/F_mult1/exponent1/PATTERNDETECT is not pipelined (PREG=0). Pipelining the DSP48 output will improve performance and often saves power so it is suggested whenever possible to fully pipeline this function.  If this DSP48 function was inferred, it is suggested to describe an additional register stage after this function.  If the DSP48 was instantiated in the design, it is suggested to set the PREG attribute to 1.
Related violations: <none>

DPOP-1#16 Warning
PREG Output pipelining  
DSP top_layer_inst/softmax_inst/softmax_func_inst/FP16_reciprocal_inst/F_mult1/exponent1 output top_layer_inst/softmax_inst/softmax_func_inst/FP16_reciprocal_inst/F_mult1/exponent1/P[47:0] is not pipelined (PREG=0). Pipelining the DSP48 output will improve performance and often saves power so it is suggested whenever possible to fully pipeline this function.  If this DSP48 function was inferred, it is suggested to describe an additional register stage after this function.  If the DSP48 was instantiated in the design, it is suggested to set the PREG attribute to 1.
Related violations: <none>

DPOP-1#17 Warning
PREG Output pipelining  
DSP top_layer_inst/softmax_inst/softmax_func_inst/FP16_reciprocal_inst/F_mult2/exponent1 output top_layer_inst/softmax_inst/softmax_func_inst/FP16_reciprocal_inst/F_mult2/exponent1/PATTERNDETECT is not pipelined (PREG=0). Pipelining the DSP48 output will improve performance and often saves power so it is suggested whenever possible to fully pipeline this function.  If this DSP48 function was inferred, it is suggested to describe an additional register stage after this function.  If the DSP48 was instantiated in the design, it is suggested to set the PREG attribute to 1.
Related violations: <none>

DPOP-1#18 Warning
PREG Output pipelining  
DSP top_layer_inst/softmax_inst/softmax_func_inst/FP16_reciprocal_inst/F_mult2/exponent1 output top_layer_inst/softmax_inst/softmax_func_inst/FP16_reciprocal_inst/F_mult2/exponent1/P[47:0] is not pipelined (PREG=0). Pipelining the DSP48 output will improve performance and often saves power so it is suggested whenever possible to fully pipeline this function.  If this DSP48 function was inferred, it is suggested to describe an additional register stage after this function.  If the DSP48 was instantiated in the design, it is suggested to set the PREG attribute to 1.
Related violations: <none>

DPOP-2#1 Warning
MREG Output pipelining  
DSP top_layer_inst/Convo_MaxpoolingLayer_inst/Convo_SingleNode_inst/single_convo_compute_inst/genblk1[0].mult_inst/exponent1 multiplier stage top_layer_inst/Convo_MaxpoolingLayer_inst/Convo_SingleNode_inst/single_convo_compute_inst/genblk1[0].mult_inst/exponent1/PATTERNDETECT is not pipelined (MREG=0). Pipelining the multiplier function will improve performance and will save significant power so it is suggested whenever possible to fully pipeline this function.  If this multiplier was inferred, it is suggested to describe an additional register stage after this function.  If there is no registered adder/accumulator following the multiply function, two pipeline stages are suggested to allow both the MREG and PREG registers to be used.  If the DSP48 was instantiated in the design, it is suggested to set both the MREG and PREG attributes to 1 when performing multiply functions.
Related violations: <none>

DPOP-2#2 Warning
MREG Output pipelining  
DSP top_layer_inst/Convo_MaxpoolingLayer_inst/Convo_SingleNode_inst/single_convo_compute_inst/genblk1[0].mult_inst/exponent1 multiplier stage top_layer_inst/Convo_MaxpoolingLayer_inst/Convo_SingleNode_inst/single_convo_compute_inst/genblk1[0].mult_inst/exponent1/P[47:0] is not pipelined (MREG=0). Pipelining the multiplier function will improve performance and will save significant power so it is suggested whenever possible to fully pipeline this function.  If this multiplier was inferred, it is suggested to describe an additional register stage after this function.  If there is no registered adder/accumulator following the multiply function, two pipeline stages are suggested to allow both the MREG and PREG registers to be used.  If the DSP48 was instantiated in the design, it is suggested to set both the MREG and PREG attributes to 1 when performing multiply functions.
Related violations: <none>

DPOP-2#3 Warning
MREG Output pipelining  
DSP top_layer_inst/Fc_Relu_node10/single_node_compute_inst/fc_mult_inst/exponent1 multiplier stage top_layer_inst/Fc_Relu_node10/single_node_compute_inst/fc_mult_inst/exponent1/PATTERNDETECT is not pipelined (MREG=0). Pipelining the multiplier function will improve performance and will save significant power so it is suggested whenever possible to fully pipeline this function.  If this multiplier was inferred, it is suggested to describe an additional register stage after this function.  If there is no registered adder/accumulator following the multiply function, two pipeline stages are suggested to allow both the MREG and PREG registers to be used.  If the DSP48 was instantiated in the design, it is suggested to set both the MREG and PREG attributes to 1 when performing multiply functions.
Related violations: <none>

DPOP-2#4 Warning
MREG Output pipelining  
DSP top_layer_inst/Fc_Relu_node10/single_node_compute_inst/fc_mult_inst/exponent1 multiplier stage top_layer_inst/Fc_Relu_node10/single_node_compute_inst/fc_mult_inst/exponent1/P[47:0] is not pipelined (MREG=0). Pipelining the multiplier function will improve performance and will save significant power so it is suggested whenever possible to fully pipeline this function.  If this multiplier was inferred, it is suggested to describe an additional register stage after this function.  If there is no registered adder/accumulator following the multiply function, two pipeline stages are suggested to allow both the MREG and PREG registers to be used.  If the DSP48 was instantiated in the design, it is suggested to set both the MREG and PREG attributes to 1 when performing multiply functions.
Related violations: <none>

DPOP-2#5 Warning
MREG Output pipelining  
DSP top_layer_inst/Fc_Relu_node49/single_node_compute_inst/fc_mult_inst/exponent1 multiplier stage top_layer_inst/Fc_Relu_node49/single_node_compute_inst/fc_mult_inst/exponent1/PATTERNDETECT is not pipelined (MREG=0). Pipelining the multiplier function will improve performance and will save significant power so it is suggested whenever possible to fully pipeline this function.  If this multiplier was inferred, it is suggested to describe an additional register stage after this function.  If there is no registered adder/accumulator following the multiply function, two pipeline stages are suggested to allow both the MREG and PREG registers to be used.  If the DSP48 was instantiated in the design, it is suggested to set both the MREG and PREG attributes to 1 when performing multiply functions.
Related violations: <none>

DPOP-2#6 Warning
MREG Output pipelining  
DSP top_layer_inst/Fc_Relu_node49/single_node_compute_inst/fc_mult_inst/exponent1 multiplier stage top_layer_inst/Fc_Relu_node49/single_node_compute_inst/fc_mult_inst/exponent1/P[47:0] is not pipelined (MREG=0). Pipelining the multiplier function will improve performance and will save significant power so it is suggested whenever possible to fully pipeline this function.  If this multiplier was inferred, it is suggested to describe an additional register stage after this function.  If there is no registered adder/accumulator following the multiply function, two pipeline stages are suggested to allow both the MREG and PREG registers to be used.  If the DSP48 was instantiated in the design, it is suggested to set both the MREG and PREG attributes to 1 when performing multiply functions.
Related violations: <none>

DPOP-2#7 Warning
MREG Output pipelining  
DSP top_layer_inst/softmax_inst/exponent_and_sum_exp_inst/exponent_compute_inst/FP16_mult_L0/exponent1 multiplier stage top_layer_inst/softmax_inst/exponent_and_sum_exp_inst/exponent_compute_inst/FP16_mult_L0/exponent1/PATTERNDETECT is not pipelined (MREG=0). Pipelining the multiplier function will improve performance and will save significant power so it is suggested whenever possible to fully pipeline this function.  If this multiplier was inferred, it is suggested to describe an additional register stage after this function.  If there is no registered adder/accumulator following the multiply function, two pipeline stages are suggested to allow both the MREG and PREG registers to be used.  If the DSP48 was instantiated in the design, it is suggested to set both the MREG and PREG attributes to 1 when performing multiply functions.
Related violations: <none>

DPOP-2#8 Warning
MREG Output pipelining  
DSP top_layer_inst/softmax_inst/exponent_and_sum_exp_inst/exponent_compute_inst/FP16_mult_L0/exponent1 multiplier stage top_layer_inst/softmax_inst/exponent_and_sum_exp_inst/exponent_compute_inst/FP16_mult_L0/exponent1/P[47:0] is not pipelined (MREG=0). Pipelining the multiplier function will improve performance and will save significant power so it is suggested whenever possible to fully pipeline this function.  If this multiplier was inferred, it is suggested to describe an additional register stage after this function.  If there is no registered adder/accumulator following the multiply function, two pipeline stages are suggested to allow both the MREG and PREG registers to be used.  If the DSP48 was instantiated in the design, it is suggested to set both the MREG and PREG attributes to 1 when performing multiply functions.
Related violations: <none>

DPOP-2#9 Warning
MREG Output pipelining  
DSP top_layer_inst/softmax_inst/exponent_and_sum_exp_inst/exponent_compute_inst/FP16_mult_L1/exponent1 multiplier stage top_layer_inst/softmax_inst/exponent_and_sum_exp_inst/exponent_compute_inst/FP16_mult_L1/exponent1/PATTERNDETECT is not pipelined (MREG=0). Pipelining the multiplier function will improve performance and will save significant power so it is suggested whenever possible to fully pipeline this function.  If this multiplier was inferred, it is suggested to describe an additional register stage after this function.  If there is no registered adder/accumulator following the multiply function, two pipeline stages are suggested to allow both the MREG and PREG registers to be used.  If the DSP48 was instantiated in the design, it is suggested to set both the MREG and PREG attributes to 1 when performing multiply functions.
Related violations: <none>

DPOP-2#10 Warning
MREG Output pipelining  
DSP top_layer_inst/softmax_inst/exponent_and_sum_exp_inst/exponent_compute_inst/FP16_mult_L1/exponent1 multiplier stage top_layer_inst/softmax_inst/exponent_and_sum_exp_inst/exponent_compute_inst/FP16_mult_L1/exponent1/P[47:0] is not pipelined (MREG=0). Pipelining the multiplier function will improve performance and will save significant power so it is suggested whenever possible to fully pipeline this function.  If this multiplier was inferred, it is suggested to describe an additional register stage after this function.  If there is no registered adder/accumulator following the multiply function, two pipeline stages are suggested to allow both the MREG and PREG registers to be used.  If the DSP48 was instantiated in the design, it is suggested to set both the MREG and PREG attributes to 1 when performing multiply functions.
Related violations: <none>

DPOP-2#11 Warning
MREG Output pipelining  
DSP top_layer_inst/softmax_inst/softmax_func_inst/FP16_mult_inst/exponent1 multiplier stage top_layer_inst/softmax_inst/softmax_func_inst/FP16_mult_inst/exponent1/PATTERNDETECT is not pipelined (MREG=0). Pipelining the multiplier function will improve performance and will save significant power so it is suggested whenever possible to fully pipeline this function.  If this multiplier was inferred, it is suggested to describe an additional register stage after this function.  If there is no registered adder/accumulator following the multiply function, two pipeline stages are suggested to allow both the MREG and PREG registers to be used.  If the DSP48 was instantiated in the design, it is suggested to set both the MREG and PREG attributes to 1 when performing multiply functions.
Related violations: <none>

DPOP-2#12 Warning
MREG Output pipelining  
DSP top_layer_inst/softmax_inst/softmax_func_inst/FP16_mult_inst/exponent1 multiplier stage top_layer_inst/softmax_inst/softmax_func_inst/FP16_mult_inst/exponent1/P[47:0] is not pipelined (MREG=0). Pipelining the multiplier function will improve performance and will save significant power so it is suggested whenever possible to fully pipeline this function.  If this multiplier was inferred, it is suggested to describe an additional register stage after this function.  If there is no registered adder/accumulator following the multiply function, two pipeline stages are suggested to allow both the MREG and PREG registers to be used.  If the DSP48 was instantiated in the design, it is suggested to set both the MREG and PREG attributes to 1 when performing multiply functions.
Related violations: <none>

DPOP-2#13 Warning
MREG Output pipelining  
DSP top_layer_inst/softmax_inst/softmax_func_inst/FP16_reciprocal_inst/F_mult0/exponent1 multiplier stage top_layer_inst/softmax_inst/softmax_func_inst/FP16_reciprocal_inst/F_mult0/exponent1/PATTERNDETECT is not pipelined (MREG=0). Pipelining the multiplier function will improve performance and will save significant power so it is suggested whenever possible to fully pipeline this function.  If this multiplier was inferred, it is suggested to describe an additional register stage after this function.  If there is no registered adder/accumulator following the multiply function, two pipeline stages are suggested to allow both the MREG and PREG registers to be used.  If the DSP48 was instantiated in the design, it is suggested to set both the MREG and PREG attributes to 1 when performing multiply functions.
Related violations: <none>

DPOP-2#14 Warning
MREG Output pipelining  
DSP top_layer_inst/softmax_inst/softmax_func_inst/FP16_reciprocal_inst/F_mult0/exponent1 multiplier stage top_layer_inst/softmax_inst/softmax_func_inst/FP16_reciprocal_inst/F_mult0/exponent1/P[47:0] is not pipelined (MREG=0). Pipelining the multiplier function will improve performance and will save significant power so it is suggested whenever possible to fully pipeline this function.  If this multiplier was inferred, it is suggested to describe an additional register stage after this function.  If there is no registered adder/accumulator following the multiply function, two pipeline stages are suggested to allow both the MREG and PREG registers to be used.  If the DSP48 was instantiated in the design, it is suggested to set both the MREG and PREG attributes to 1 when performing multiply functions.
Related violations: <none>

DPOP-2#15 Warning
MREG Output pipelining  
DSP top_layer_inst/softmax_inst/softmax_func_inst/FP16_reciprocal_inst/F_mult1/exponent1 multiplier stage top_layer_inst/softmax_inst/softmax_func_inst/FP16_reciprocal_inst/F_mult1/exponent1/PATTERNDETECT is not pipelined (MREG=0). Pipelining the multiplier function will improve performance and will save significant power so it is suggested whenever possible to fully pipeline this function.  If this multiplier was inferred, it is suggested to describe an additional register stage after this function.  If there is no registered adder/accumulator following the multiply function, two pipeline stages are suggested to allow both the MREG and PREG registers to be used.  If the DSP48 was instantiated in the design, it is suggested to set both the MREG and PREG attributes to 1 when performing multiply functions.
Related violations: <none>

DPOP-2#16 Warning
MREG Output pipelining  
DSP top_layer_inst/softmax_inst/softmax_func_inst/FP16_reciprocal_inst/F_mult1/exponent1 multiplier stage top_layer_inst/softmax_inst/softmax_func_inst/FP16_reciprocal_inst/F_mult1/exponent1/P[47:0] is not pipelined (MREG=0). Pipelining the multiplier function will improve performance and will save significant power so it is suggested whenever possible to fully pipeline this function.  If this multiplier was inferred, it is suggested to describe an additional register stage after this function.  If there is no registered adder/accumulator following the multiply function, two pipeline stages are suggested to allow both the MREG and PREG registers to be used.  If the DSP48 was instantiated in the design, it is suggested to set both the MREG and PREG attributes to 1 when performing multiply functions.
Related violations: <none>

DPOP-2#17 Warning
MREG Output pipelining  
DSP top_layer_inst/softmax_inst/softmax_func_inst/FP16_reciprocal_inst/F_mult2/exponent1 multiplier stage top_layer_inst/softmax_inst/softmax_func_inst/FP16_reciprocal_inst/F_mult2/exponent1/PATTERNDETECT is not pipelined (MREG=0). Pipelining the multiplier function will improve performance and will save significant power so it is suggested whenever possible to fully pipeline this function.  If this multiplier was inferred, it is suggested to describe an additional register stage after this function.  If there is no registered adder/accumulator following the multiply function, two pipeline stages are suggested to allow both the MREG and PREG registers to be used.  If the DSP48 was instantiated in the design, it is suggested to set both the MREG and PREG attributes to 1 when performing multiply functions.
Related violations: <none>

DPOP-2#18 Warning
MREG Output pipelining  
DSP top_layer_inst/softmax_inst/softmax_func_inst/FP16_reciprocal_inst/F_mult2/exponent1 multiplier stage top_layer_inst/softmax_inst/softmax_func_inst/FP16_reciprocal_inst/F_mult2/exponent1/P[47:0] is not pipelined (MREG=0). Pipelining the multiplier function will improve performance and will save significant power so it is suggested whenever possible to fully pipeline this function.  If this multiplier was inferred, it is suggested to describe an additional register stage after this function.  If there is no registered adder/accumulator following the multiply function, two pipeline stages are suggested to allow both the MREG and PREG registers to be used.  If the DSP48 was instantiated in the design, it is suggested to set both the MREG and PREG attributes to 1 when performing multiply functions.
Related violations: <none>

ZPS7-1#1 Warning
PS7 block required  
The PS7 cell must be used in this Zynq design in order to enable correct default configuration.
Related violations: <none>


